.WiFi connected with IP: 10.100.1.186
Client Listening on port: 8091
Client Initialized...
Sensor Initialized...
setup() Complete...

Supported commands:
	help: this text.
	streamstart: start sending udp data to SerialStudio.
	streamstop: stop sending to SerialStream.
	read: read current values from the sensor
	readconfig: read the configuration from the sensor
	enableengineeringmode: enable engineering mode
	disableengineeringmode: disable engineering mode
	setmaxvalues <motion gate> <stationary gate> <inactivitytimer> (2-8) (0-65535)seconds
	setsensitivity <gate> <motionsensitivity> <stationarysensitivity> (2-8|255) (0-100)
	restart: restart the sensor
	readversion: read firmware version
	factoryreset: factory reset the sensor



 choose> DEBUG: SizeOf(serialBuffer)=5120 Length(str)=123 Contents:/*LD2410 Sensor 01,0,0,7,110,0,0,50,5,0,0,50,8,0,0,40,3,40,7,30,4,40,5,20,3,30,5,15,6,30,4,15,7,20,3,15,5,20,3,15,1,20,2*/
DEBUG: SizeOf(serialBuffer)=5120 Length(str)=123 Contents:/*LD2410 Sensor 01,0,0,9,110,0,0,50,3,0,0,50,6,0,0,40,3,40,9,30,4,40,5,20,2,30,5,15,6,30,3,15,7,20,3,15,6,20,2,15,1,20,2*/
DEBUG: SizeOf(serialBuffer)=5120 Length(str)=125 Contents:/*LD2410 Sensor 01,0,0,13,110,0,0,50,9,0,0,50,9,0,0,40,7,40,13,30,4,40,6,20,2,30,6,15,5,30,4,15,7,20,4,15,5,20,3,15,1,20,2*/
DEBUG: SizeOf(serialBuffer)=5120 Length(str)=125 Contents:/*LD2410 Sensor 01,0,0,14,110,0,0,50,3,0,0,50,9,0,0,40,2,40,14,30,7,40,7,20,2,30,6,15,5,30,4,15,8,20,3,15,6,20,4,15,1,20,2*/
DEBUG: SizeOf(serialBuffer)=5120 Length(str)=126 Contents:/*LD2410 Sensor 01,0,0,14,110,0,0,50,5,0,0,50,8,0,0,40,7,40,14,30,8,40,11,20,2,30,7,15,6,30,4,15,6,20,4,15,6,20,4,15,2,20,2*/
DEBUG: SizeOf(serialBuffer)=5120 Length(str)=126 Contents:/*LD2410 Sensor 01,0,0,12,110,0,0,50,7,0,0,50,9,0,0,40,4,40,12,30,5,40,11,20,1,30,6,15,5,30,4,15,6,20,5,15,5,20,4,15,1,20,2*/
DEBUG: SizeOf(serialBuffer)=5120 Length(str)=127 Contents:/*LD2410 Sensor 01,0,0,15,110,0,0,50,8,0,0,50,16,0,0,40,3,40,15,30,0,40,13,20,2,30,7,15,6,30,5,15,8,20,7,15,5,20,4,15,2,20,3*/
DEBUG: SizeOf(serialBuffer)=5120 Length(str)=127 Contents:/*LD2410 Sensor 01,0,0,20,110,0,0,50,9,0,0,50,12,0,0,40,8,40,20,30,4,40,13,20,6,30,8,15,4,30,7,15,6,20,8,15,3,20,4,15,2,20,3*/
DEBUG: SizeOf(serialBuffer)=5120 Length(str)=127 Contents:/*LD2410 Sensor 01,0,0,27,110,0,0,50,10,0,0,50,8,0,0,40,4,40,27,30,5,40,14,20,2,30,9,15,6,30,8,15,7,20,8,15,5,20,5,15,2,20,3*/
DEBUG: SizeOf(serialBuffer)=5120 Length(str)=126 Contents:/*LD2410 Sensor 01,0,0,32,110,0,0,50,8,0,0,50,9,0,0,40,7,40,32,30,6,40,13,20,4,30,8,15,8,30,9,15,6,20,8,15,4,20,6,15,2,20,3*/
DEBUG: SizeOf(serialBuffer)=5120 Length(str)=126 Contents:/*LD2410 Sensor 01,0,0,27,110,0,0,50,2,0,0,50,7,0,0,40,1,40,27,30,1,40,11,20,5,30,7,15,6,30,7,15,7,20,8,15,5,20,7,15,2,20,3*/
DEBUG: SizeOf(serialBuffer)=5120 Length(str)=126 Contents:/*LD2410 Sensor 01,0,0,20,110,0,0,50,3,0,0,50,6,0,0,40,5,40,20,30,4,40,12,20,3,30,7,15,6,30,7,15,7,20,6,15,5,20,6,15,2,20,3*/
DEBUG: SizeOf(serialBuffer)=5120 Length(str)=126 Contents:/*LD2410 Sensor 01,0,0,14,110,0,0,50,5,0,0,50,8,0,0,40,7,40,14,30,7,40,14,20,3,30,7,15,5,30,7,15,6,20,7,15,6,20,6,15,3,20,3*/
DEBUG: SizeOf(serialBuffer)=5120 Length(str)=126 Contents:/*LD2410 Sensor 01,0,0,12,110,0,0,50,6,0,0,50,7,0,0,40,8,40,12,30,5,40,12,20,4,30,7,15,7,30,7,15,8,20,7,15,6,20,4,15,2,20,2*/
DEBUG: SizeOf(serialBuffer)=5120 Length(str)=127 Contents:/*LD2410 Sensor 01,0,0,12,110,0,0,50,2,0,0,50,10,0,0,40,5,40,12,30,6,40,12,20,3,30,7,15,7,30,5,15,6,20,6,15,6,20,4,15,3,20,2*/
DEBUG: SizeOf(serialBuffer)=5120 Length(str)=125 Contents:/*LD2410 Sensor 01,0,0,11,110,0,0,50,2,0,0,50,9,0,0,40,8,40,11,30,5,40,8,20,5,30,6,15,8,30,5,15,5,20,5,15,4,20,4,15,2,20,2*/
DEBUG: SizeOf(serialBuffer)=5120 Length(str)=124 Contents:/*LD2410 Sensor 01,0,0,9,110,0,0,50,5,0,0,50,10,0,0,40,6,40,9,30,5,40,5,20,4,30,4,15,8,30,5,15,6,20,5,15,6,20,5,15,2,20,2*/
DEBUG: SizeOf(serialBuffer)=5120 Length(str)=123 Contents:/*LD2410 Sensor 01,0,0,6,110,0,0,50,5,0,0,50,7,0,0,40,2,40,6,30,1,40,5,20,5,30,3,15,8,30,5,15,7,20,6,15,6,20,5,15,2,20,2*/
DEBUG: SizeOf(serialBuffer)=5120 Length(str)=123 Contents:/*LD2410 Sensor 01,0,0,8,110,0,0,50,9,0,0,50,7,0,0,40,3,40,6,30,2,40,8,20,5,30,4,15,6,30,4,15,6,20,5,15,6,20,4,15,2,20,3*/
DEBUG: SizeOf(serialBuffer)=5120 Length(str)=126 Contents:/*LD2410 Sensor 01,0,0,11,110,0,0,50,8,0,0,50,11,0,0,40,6,40,7,30,5,40,11,20,4,30,5,15,5,30,3,15,7,20,6,15,6,20,3,15,2,20,3*/
DEBUG: SizeOf(serialBuffer)=5120 Length(str)=127 Contents:/*LD2410 Sensor 01,0,0,11,110,0,0,50,11,0,0,50,13,0,0,40,3,40,8,30,3,40,11,20,4,30,5,15,6,30,4,15,6,20,8,15,4,20,3,15,2,20,3*/
DEBUG: SizeOf(serialBuffer)=5120 Length(str)=127 Contents:/*LD2410 Sensor 01,0,0,18,110,0,0,50,5,0,0,50,10,0,0,40,6,40,18,30,5,40,15,20,4,30,6,15,6,30,5,15,6,20,9,15,4,20,4,15,1,20,3*/
DEBUG: SizeOf(serialBuffer)=5120 Length(str)=128 Contents:/*LD2410 Sensor 01,0,0,29,110,0,0,50,11,0,0,50,10,0,0,40,2,40,29,30,2,40,15,20,4,30,7,15,5,30,7,15,6,20,8,15,5,20,5,15,1,20,3*/
DEBUG: SizeOf(serialBuffer)=5120 Length(str)=126 Contents:/*LD2410 Sensor 01,0,0,36,110,0,0,50,5,0,0,50,8,0,0,40,2,40,36,30,3,40,16,20,1,30,8,15,5,30,6,15,8,20,5,15,5,20,5,15,2,20,3*/
DEBUG: SizeOf(serialBuffer)=5120 Length(str)=128 Contents:/*LD2410 Sensor 01,0,0,36,110,0,0,50,15,0,0,50,7,0,0,40,7,40,36,30,3,40,16,20,5,30,10,15,5,30,6,15,7,20,5,15,4,20,5,15,1,20,3*/
DEBUG: SizeOf(serialBuffer)=5120 Length(str)=127 Contents:/*LD2410 Sensor 01,0,0,31,110,0,0,50,5,0,0,50,9,0,0,40,2,40,31,30,1,40,19,20,6,30,13,15,3,30,7,15,6,20,7,15,5,20,5,15,2,20,3*/
DEBUG: SizeOf(serialBuffer)=5120 Length(str)=128 Contents:/*LD2410 Sensor 01,0,0,28,110,0,0,50,11,0,0,50,5,0,0,40,8,40,28,30,3,40,18,20,6,30,14,15,4,30,9,15,7,20,9,15,3,20,5,15,2,20,3*/
DEBUG: SizeOf(serialBuffer)=5120 Length(str)=128 Contents:/*LD2410 Sensor 01,0,0,22,110,0,0,50,5,0,0,50,10,0,0,40,7,40,22,30,4,40,14,20,1,30,14,15,4,30,9,15,7,20,8,15,4,20,5,15,2,20,4*/
DEBUG: SizeOf(serialBuffer)=5120 Length(str)=129 Contents:/*LD2410 Sensor 01,0,0,21,110,0,0,50,15,0,0,50,15,0,0,40,4,40,21,30,3,40,11,20,3,30,11,15,4,30,7,15,6,20,6,15,5,20,4,15,2,20,3*/
DEBUG: SizeOf(serialBuffer)=5120 Length(str)=126 Contents:/*LD2410 Sensor 01,0,0,20,110,0,0,50,2,0,0,50,8,0,0,40,4,40,20,30,1,40,10,20,5,30,9,15,4,30,5,15,6,20,4,15,4,20,4,15,1,20,3*/
DEBUG: SizeOf(serialBuffer)=5120 Length(str)=125 Contents:/*LD2410 Sensor 01,0,0,20,110,0,0,50,2,0,0,50,8,0,0,40,5,40,20,30,2,40,9,20,6,30,7,15,4,30,4,15,7,20,5,15,6,20,3,15,2,20,2*/
DEBUG: SizeOf(serialBuffer)=5120 Length(str)=127 Contents:/*LD2410 Sensor 01,0,0,17,110,0,0,50,14,0,0,50,13,0,0,40,5,40,17,30,2,40,8,20,6,30,7,15,4,30,4,15,6,20,4,15,6,20,3,15,2,20,2*/
DEBUG: SizeOf(serialBuffer)=5120 Length(str)=125 Contents:/*LD2410 Sensor 01,0,0,16,110,0,0,50,4,0,0,50,8,0,0,40,1,40,16,30,2,40,7,20,4,30,7,15,4,30,4,15,7,20,4,15,5,20,4,15,2,20,2*/
DEBUG: SizeOf(serialBuffer)=5120 Length(str)=125 Contents:/*LD2410 Sensor 01,0,0,15,110,0,0,50,4,0,0,50,9,0,0,40,1,40,15,30,1,40,8,20,2,30,8,15,4,30,5,15,6,20,4,15,4,20,3,15,1,20,2*/
DEBUG: SizeOf(serialBuffer)=5120 Length(str)=125 Contents:/*LD2410 Sensor 01,0,0,17,110,0,0,50,3,0,0,50,5,0,0,40,1,40,17,30,1,40,9,20,7,30,9,15,4,30,6,15,6,20,5,15,6,20,3,15,3,20,2*/
DEBUG: SizeOf(serialBuffer)=5120 Length(str)=125 Contents:/*LD2410 Sensor 01,0,0,13,110,0,0,50,8,0,0,50,8,0,0,40,2,40,13,30,2,40,9,20,4,30,9,15,4,30,7,15,6,20,5,15,6,20,3,15,2,20,2*/
DEBUG: SizeOf(serialBuffer)=5120 Length(str)=127 Contents:/*LD2410 Sensor 01,0,0,13,110,0,0,50,6,0,0,50,8,0,0,40,6,40,13,30,1,40,11,20,3,30,11,15,5,30,7,15,6,20,6,15,6,20,4,15,3,20,3*/
DEBUG: SizeOf(serialBuffer)=5120 Length(str)=127 Contents:/*LD2410 Sensor 01,0,0,15,110,0,0,50,1,0,0,50,11,0,0,40,4,40,15,30,3,40,10,20,2,30,9,15,4,30,8,15,7,20,7,15,4,20,5,15,2,20,3*/
DEBUG: SizeOf(serialBuffer)=5120 Length(str)=127 Contents:/*LD2410 Sensor 01,0,0,18,110,0,0,50,9,0,0,50,11,0,0,40,4,40,18,30,3,40,10,20,1,30,9,15,5,30,8,15,6,20,6,15,5,20,6,15,3,20,4*/
DEBUG: SizeOf(serialBuffer)=5120 Length(str)=125 Contents:/*LD2410 Sensor 01,0,0,16,110,0,0,50,3,0,0,50,8,0,0,40,4,40,16,30,4,40,8,20,6,30,7,15,4,30,8,15,7,20,6,15,6,20,5,15,3,20,3*/
DEBUG: SizeOf(serialBuffer)=5120 Length(str)=127 Contents:/*LD2410 Sensor 01,0,0,16,110,0,0,50,10,0,0,50,8,0,0,40,8,40,16,30,4,40,11,20,5,30,9,15,4,30,7,15,7,20,6,15,4,20,4,15,2,20,3*/
DEBUG: SizeOf(serialBuffer)=5120 Length(str)=126 Contents:/*LD2410 Sensor 01,0,0,16,110,0,0,50,5,0,0,50,9,0,0,40,5,40,16,30,1,40,11,20,6,30,9,15,4,30,7,15,7,20,6,15,5,20,4,15,2,20,3*/
DEBUG: SizeOf(serialBuffer)=5120 Length(str)=126 Contents:/*LD2410 Sensor 01,0,0,17,110,0,0,50,2,0,0,50,5,0,0,40,5,40,17,30,6,40,11,20,7,30,8,15,4,30,7,15,7,20,6,15,5,20,5,15,2,20,3*/
DEBUG: SizeOf(serialBuffer)=5120 Length(str)=126 Contents:/*LD2410 Sensor 01,0,0,15,110,0,0,50,9,0,0,50,9,0,0,40,4,40,15,30,3,40,11,20,5,30,8,15,4,30,8,15,7,20,6,15,6,20,5,15,2,20,3*/
DEBUG: SizeOf(serialBuffer)=5120 Length(str)=127 Contents:/*LD2410 Sensor 01,0,0,16,110,0,0,50,5,0,0,50,13,0,0,40,5,40,16,30,2,40,10,20,5,30,8,15,6,30,7,15,7,20,5,15,5,20,4,15,2,20,3*/
DEBUG: SizeOf(serialBuffer)=5120 Length(str)=127 Contents:/*LD2410 Sensor 01,0,0,19,110,0,0,50,8,0,0,50,11,0,0,40,3,40,19,30,6,40,10,20,6,30,7,15,5,30,5,15,7,20,5,15,5,20,3,15,2,20,3*/
DEBUG: SizeOf(serialBuffer)=5120 Length(str)=125 Contents:/*LD2410 Sensor 01,0,0,24,110,0,0,50,2,0,0,50,7,0,0,40,6,40,24,30,5,40,9,20,6,30,6,15,5,30,5,15,7,20,5,15,4,20,3,15,2,20,2*/
DEBUG: SizeOf(serialBuffer)=5120 Length(str)=125 Contents:/*LD2410 Sensor 01,0,0,21,110,0,0,50,4,0,0,50,9,0,0,40,4,40,21,30,4,40,8,20,7,30,6,15,5,30,6,15,7,20,5,15,5,20,3,15,2,20,3*/


Unknown command: 


 choose:> DEBUG: SizeOf(serialBuffer)=5120 Length(str)=126 Contents:/*LD2410 Sensor 01,0,0,19,110,0,0,50,10,0,0,50,9,0,0,40,4,40,19,30,8,40,9,20,8,30,7,15,5,30,6,15,7,20,6,15,5,20,4,15,2,20,3*/
DEBUG: SizeOf(serialBuffer)=5120 Length(str)=125 Contents:/*LD2410 Sensor 01,0,0,15,110,0,0,50,3,0,0,50,7,0,0,40,2,40,15,30,2,40,8,20,4,30,8,15,5,30,6,15,6,20,5,15,5,20,3,15,2,20,3*/
setreportingformat 1

Reporting Data Format WAS: CSV

Reporting Data Format IS: Short JSON



 choose:> DEBUG: SizeOf(serialBuffer)=5120 Length(str)=126 Contents:/*LD2410 Sensor 01,0,0,14,110,0,0,50,5,0,0,50,9,0,0,40,4,40,14,30,2,40,13,20,3,30,9,15,4,30,5,15,6,20,4,15,4,20,4,15,1,20,2*/
DEBUG: SizeOf(serialBuffer)=5120 Length(str)=128 Contents:/*LD2410 Sensor 01,0,0,15,110,0,0,50,2,0,0,50,12,0,0,40,8,40,15,30,3,40,14,20,5,30,10,15,4,30,6,15,7,20,4,15,4,20,4,15,2,20,2*/
DEBUG: SizeOf(serialBuffer)=5120 Length(str)=127 Contents:/*LD2410 Sensor 01,0,0,16,110,0,0,50,2,0,0,50,9,0,0,40,3,40,16,30,5,40,11,20,5,30,10,15,3,30,7,15,6,20,4,15,3,20,3,15,2,20,3*/
DEBUG: SizeOf(serialBuffer)=5120 Length(str)=127 Contents:/*LD2410 Sensor 01,0,0,18,110,0,0,50,4,0,0,50,12,0,0,40,7,40,18,30,3,40,11,20,2,30,9,15,4,30,7,15,6,20,4,15,4,20,3,15,2,20,3*/
DEBUG: SizeOf(serialBuffer)=5120 Length(str)=128 Contents:/*LD2410 Sensor 01,0,0,19,110,0,0,50,14,0,0,50,10,0,0,40,7,40,19,30,1,40,11,20,3,30,8,15,4,30,5,15,7,20,4,15,4,20,4,15,2,20,3*/
DEBUG: SizeOf(serialBuffer)=5120 Length(str)=126 Contents:/*LD2410 Sensor 01,0,0,16,110,0,0,50,2,0,0,50,7,0,0,40,5,40,16,30,3,40,11,20,2,30,7,15,5,30,4,15,5,20,4,15,5,20,4,15,2,20,2*/
DEBUG: SizeOf(serialBuffer)=5120 Length(str)=126 Contents:/*LD2410 Sensor 01,0,0,12,110,0,0,50,7,0,0,50,9,0,0,40,4,40,12,30,4,40,12,20,4,30,7,15,3,30,4,15,6,20,3,15,5,20,3,15,3,20,2*/
DEBUG: SizeOf(serialBuffer)=5120 Length(str)=126 Contents:/*LD2410 Sensor 01,0,0,10,110,0,0,50,6,0,0,50,10,0,0,40,4,40,7,30,2,40,10,20,2,30,6,15,4,30,4,15,6,20,3,15,5,20,2,15,2,20,2*/
DEBUG: SizeOf(serialBuffer)=5120 Length(str)=123 Contents:/*LD2410 Sensor 01,0,0,9,110,0,0,50,4,0,0,50,7,0,0,40,2,40,7,30,2,40,9,20,3,30,6,15,4,30,4,15,6,20,5,15,4,20,3,15,3,20,2*/
DEBUG: SizeOf(serialBuffer)=5120 Length(str)=123 Contents:/*LD2410 Sensor 01,0,0,7,110,0,0,50,2,0,0,50,6,0,0,40,5,40,7,30,2,40,6,20,2,30,5,15,4,30,4,15,7,20,5,15,4,20,3,15,3,20,2*/
DEBUG: SizeOf(serialBuffer)=5120 Length(str)=123 Contents:/*LD2410 Sensor 01,0,0,7,110,0,0,50,2,0,0,50,8,0,0,40,6,40,7,30,2,40,6,20,2,30,5,15,3,30,3,15,6,20,4,15,4,20,3,15,3,20,2*/
DEBUG: SizeOf(serialBuffer)=5120 Length(str)=125 Contents:/*LD2410 Sensor 01,0,0,7,110,0,0,50,10,0,0,50,10,0,0,40,5,40,7,30,3,40,5,20,3,30,4,15,4,30,3,15,7,20,3,15,4,20,3,15,2,20,2*/
DEBUG: SizeOf(serialBuffer)=5120 Length(str)=123 Contents:/*LD2410 Sensor 01,0,0,8,110,0,0,50,6,0,0,50,9,0,0,40,4,40,8,30,3,40,5,20,3,30,4,15,3,30,4,15,5,20,3,15,4,20,3,15,2,20,3*/
DEBUG: SizeOf(serialBuffer)=5120 Length(str)=123 Contents:/*LD2410 Sensor 01,0,0,8,110,0,0,50,3,0,0,50,6,0,0,40,4,40,8,30,2,40,6,20,5,30,6,15,4,30,6,15,6,20,4,15,4,20,3,15,3,20,2*/
DEBUG: SizeOf(serialBuffer)=5120 Length(str)=125 Contents:/*LD2410 Sensor 01,0,0,11,110,0,0,50,4,0,0,50,9,0,0,40,2,40,11,30,1,40,8,20,3,30,8,15,4,30,8,15,6,20,5,15,2,20,3,15,2,20,2*/
DEBUG: SizeOf(serialBuffer)=5120 Length(str)=128 Contents:/*LD2410 Sensor 01,0,0,12,110,0,0,50,11,0,0,50,11,0,0,40,4,40,12,30,3,40,11,20,5,30,9,15,4,30,7,15,6,20,6,15,3,20,4,15,2,20,3*/
DEBUG: SizeOf(serialBuffer)=5120 Length(str)=127 Contents:/*LD2410 Sensor 01,0,0,16,110,0,0,50,13,0,0,50,8,0,0,40,2,40,16,30,1,40,13,20,3,30,8,15,4,30,7,15,7,20,6,15,4,20,5,15,2,20,3*/
DEBUG: SizeOf(serialBuffer)=5120 Length(str)=127 Contents:/*LD2410 Sensor 01,0,0,18,110,0,0,50,5,0,0,50,12,0,0,40,2,40,18,30,5,40,13,20,6,30,7,15,4,30,6,15,6,20,6,15,4,20,4,15,2,20,4*/
DEBUG: SizeOf(serialBuffer)=5120 Length(str)=126 Contents:/*LD2410 Sensor 01,0,0,17,110,0,0,50,9,0,0,50,9,0,0,40,2,40,17,30,5,40,13,20,4,30,7,15,4,30,5,15,6,20,5,15,5,20,4,15,3,20,3*/
DEBUG: SizeOf(serialBuffer)=5120 Length(str)=126 Contents:/*LD2410 Sensor 01,0,0,15,110,0,0,50,8,0,0,50,7,0,0,40,1,40,15,30,3,40,12,20,1,30,7,15,4,30,5,15,6,20,5,15,4,20,4,15,3,20,3*/
DEBUG: SizeOf(serialBuffer)=5120 Length(str)=126 Contents:/*LD2410 Sensor 01,0,0,13,110,0,0,50,7,0,0,50,8,0,0,40,1,40,13,30,3,40,10,20,1,30,7,15,4,30,4,15,6,20,4,15,3,20,4,15,2,20,3*/
DEBUG: SizeOf(serialBuffer)=5120 Length(str)=126 Contents:/*LD2410 Sensor 01,0,0,11,110,0,0,50,4,0,0,50,12,0,0,40,1,40,11,30,3,40,8,20,2,30,7,15,4,30,4,15,6,20,3,15,4,20,3,15,3,20,3*/
DEBUG: SizeOf(serialBuffer)=5120 Length(str)=123 Contents:/*LD2410 Sensor 01,0,0,8,110,0,0,50,4,0,0,50,7,0,0,40,2,40,8,30,3,40,6,20,1,30,5,15,4,30,4,15,6,20,3,15,4,20,2,15,3,20,2*/
DEBUG: SizeOf(serialBuffer)=5120 Length(str)=123 Contents:/*LD2410 Sensor 01,0,0,7,110,0,0,50,3,0,0,50,7,0,0,40,1,40,7,30,5,40,5,20,1,30,3,15,4,30,3,15,6,20,2,15,4,20,3,15,2,20,3*/
DEBUG: SizeOf(serialBuffer)=5120 Length(str)=123 Contents:/*LD2410 Sensor 01,0,0,8,110,0,0,50,8,0,0,50,7,0,0,40,1,40,8,30,6,40,5,20,2,30,3,15,5,30,3,15,6,20,2,15,3,20,3,15,2,20,2*/
DEBUG: SizeOf(serialBuffer)=5120 Length(str)=123 Contents:/*LD2410 Sensor 01,0,0,7,110,0,0,50,8,0,0,50,8,0,0,40,2,40,7,30,6,40,5,20,2,30,3,15,5,30,3,15,6,20,2,15,4,20,3,15,3,20,2*/
DEBUG: SizeOf(serialBuffer)=5120 Length(str)=124 Contents:/*LD2410 Sensor 01,0,0,8,110,0,0,50,7,0,0,50,11,0,0,40,3,40,8,30,2,40,5,20,1,30,4,15,5,30,3,15,6,20,2,15,4,20,2,15,2,20,2*/
DEBUG: SizeOf(serialBuffer)=5120 Length(str)=123 Contents:/*LD2410 Sensor 01,0,0,8,110,0,0,50,7,0,0,50,9,0,0,40,5,40,8,30,4,40,6,20,4,30,5,15,4,30,4,15,7,20,4,15,4,20,3,15,2,20,3*/
DEBUG: SizeOf(serialBuffer)=5120 Length(str)=123 Contents:/*LD2410 Sensor 01,0,0,8,110,0,0,50,2,0,0,50,9,0,0,40,1,40,8,30,3,40,7,20,1,30,6,15,5,30,4,15,6,20,4,15,3,20,3,15,2,20,3*/
DEBUG: SizeOf(serialBuffer)=5120 Length(str)=123 Contents:/*LD2410 Sensor 01,0,0,7,110,0,0,50,4,0,0,50,8,0,0,40,1,40,6,30,3,40,7,20,2,30,6,15,6,30,4,15,7,20,4,15,5,20,3,15,3,20,3*/
DEBUG: SizeOf(serialBuffer)=5120 Length(str)=124 Contents:/*LD2410 Sensor 01,0,0,7,110,0,0,50,11,0,0,50,9,0,0,40,2,40,7,30,4,40,5,20,3,30,4,15,4,30,4,15,7,20,3,15,3,20,3,15,2,20,3*/
DEBUG: SizeOf(serialBuffer)=5120 Length(str)=124 Contents:/*LD2410 Sensor 01,0,0,8,110,0,0,50,9,0,0,50,13,0,0,40,2,40,8,30,6,40,7,20,4,30,5,15,4,30,3,15,7,20,4,15,3,20,4,15,2,20,4*/
DEBUG: SizeOf(serialBuffer)=5120 Length(str)=127 Contents:/*LD2410 Sensor 01,0,0,11,110,0,0,50,8,0,0,50,11,0,0,40,4,40,11,30,2,40,10,20,3,30,7,15,4,30,3,15,7,20,4,15,3,20,3,15,2,20,3*/
DEBUG: SizeOf(serialBuffer)=5120 Length(str)=128 Contents:/*LD2410 Sensor 01,0,0,11,110,0,0,50,13,0,0,50,15,0,0,40,3,40,11,30,5,40,10,20,3,30,7,15,5,30,3,15,8,20,4,15,4,20,4,15,4,20,3*/
DEBUG: SizeOf(serialBuffer)=5120 Length(str)=125 Contents:/*LD2410 Sensor 01,0,0,12,110,0,0,50,4,0,0,50,8,0,0,40,2,40,12,30,4,40,9,20,5,30,7,15,4,30,5,15,6,20,5,15,4,20,4,15,3,20,2*/
DEBUG: SizeOf(serialBuffer)=5120 Length(str)=124 Contents:/*LD2410 Sensor 01,0,0,9,110,0,0,50,10,0,0,50,9,0,0,40,3,40,9,30,4,40,7,20,4,30,6,15,4,30,6,15,6,20,4,15,3,20,4,15,2,20,3*/
DEBUG: SizeOf(serialBuffer)=5120 Length(str)=124 Contents:/*LD2410 Sensor 01,0,0,6,110,0,0,50,5,0,0,50,11,0,0,40,4,40,6,30,3,40,5,20,3,30,5,15,5,30,5,15,6,20,4,15,3,20,2,15,2,20,3*/
DEBUG: SizeOf(serialBuffer)=5120 Length(str)=123 Contents:/*LD2410 Sensor 01,0,0,6,110,0,0,50,6,0,0,50,7,0,0,40,5,40,5,30,5,40,4,20,3,30,4,15,4,30,4,15,7,20,6,15,4,20,3,15,3,20,3*/
DEBUG: SizeOf(serialBuffer)=5120 Length(str)=123 Contents:/*LD2410 Sensor 01,0,0,7,110,0,0,50,6,0,0,50,7,0,0,40,3,40,5,30,5,40,3,20,5,30,4,15,3,30,4,15,6,20,7,15,4,20,3,15,2,20,2*/
DEBUG: SizeOf(serialBuffer)=5120 Length(str)=123 Contents:/*LD2410 Sensor 01,0,0,5,110,0,0,50,8,0,0,50,8,0,0,40,3,40,4,30,5,40,4,20,5,30,4,15,3,30,4,15,5,20,5,15,3,20,3,15,2,20,2*/
DEBUG: SizeOf(serialBuffer)=5120 Length(str)=123 Contents:/*LD2410 Sensor 01,0,0,4,110,0,0,50,8,0,0,50,9,0,0,40,4,40,4,30,5,40,4,20,3,30,3,15,4,30,3,15,6,20,3,15,3,20,2,15,3,20,2*/
DEBUG: SizeOf(serialBuffer)=5120 Length(str)=124 Contents:/*LD2410 Sensor 01,0,0,3,110,0,0,50,4,0,0,50,10,0,0,40,3,40,3,30,5,40,3,20,4,30,3,15,4,30,3,15,7,20,3,15,3,20,3,15,2,20,2*/
DEBUG: SizeOf(serialBuffer)=5120 Length(str)=123 Contents:/*LD2410 Sensor 01,0,0,4,110,0,0,50,6,0,0,50,8,0,0,40,3,40,4,30,5,40,3,20,5,30,3,15,4,30,3,15,6,20,3,15,3,20,3,15,2,20,2*/
DEBUG: SizeOf(serialBuffer)=5120 Length(str)=123 Contents:/*LD2410 Sensor 01,0,0,4,110,0,0,50,3,0,0,50,8,0,0,40,3,40,4,30,6,40,3,20,5,30,3,15,3,30,3,15,7,20,3,15,3,20,3,15,2,20,2*/
DEBUG: SizeOf(serialBuffer)=5120 Length(str)=124 Contents:/*LD2410 Sensor 01,0,0,4,110,0,0,50,4,0,0,50,10,0,0,40,4,40,4,30,5,40,3,20,4,30,3,15,3,30,2,15,7,20,3,15,3,20,2,15,2,20,2*/
DEBUG: SizeOf(serialBuffer)=5120 Length(str)=125 Contents:/*LD2410 Sensor 01,0,0,4,110,0,0,50,10,0,0,50,13,0,0,40,2,40,4,30,4,40,3,20,4,30,3,15,4,30,3,15,6,20,3,15,4,20,3,15,2,20,2*/
DEBUG: SizeOf(serialBuffer)=5120 Length(str)=124 Contents:/*LD2410 Sensor 01,0,0,4,110,0,0,50,1,0,0,50,10,0,0,40,3,40,4,30,5,40,3,20,4,30,3,15,4,30,2,15,6,20,3,15,3,20,2,15,1,20,2*/
DEBUG: SizeOf(serialBuffer)=5120 Length(str)=123 Contents:/*LD2410 Sensor 01,0,0,4,110,0,0,50,6,0,0,50,5,0,0,40,5,40,4,30,5,40,3,20,4,30,3,15,4,30,3,15,5,20,3,15,3,20,3,15,2,20,2*/
DEBUG: SizeOf(serialBuffer)=5120 Length(str)=123 Contents:/*LD2410 Sensor 01,0,0,4,110,0,0,50,9,0,0,50,7,0,0,40,3,40,4,30,5,40,2,20,5,30,3,15,4,30,2,15,5,20,2,15,3,20,3,15,2,20,2*/
DEBUG: SizeOf(serialBuffer)=5120 Length(str)=124 Contents:/*LD2410 Sensor 01,0,0,5,110,0,0,50,1,0,0,50,12,0,0,40,3,40,5,30,6,40,3,20,4,30,3,15,4,30,2,15,7,20,2,15,3,20,3,15,2,20,2*/
DEBUG: SizeOf(serialBuffer)=5120 Length(str)=123 Contents:/*LD2410 Sensor 01,0,0,4,110,0,0,50,9,0,0,50,7,0,0,40,4,40,4,30,4,40,3,20,5,30,3,15,4,30,3,15,7,20,2,15,3,20,3,15,2,20,2*/
DEBUG: SizeOf(serialBuffer)=5120 Length(str)=123 Contents:/*LD2410 Sensor 01,0,0,4,110,0,0,50,4,0,0,50,9,0,0,40,4,40,4,30,5,40,3,20,4,30,3,15,4,30,2,15,6,20,3,15,3,20,3,15,2,20,2*/
DEBUG: SizeOf(serialBuffer)=5120 Length(str)=124 Contents:/*LD2410 Sensor 01,0,0,4,110,0,0,50,11,0,0,50,6,0,0,40,1,40,4,30,5,40,3,20,5,30,3,15,4,30,2,15,6,20,3,15,3,20,3,15,1,20,2*/
DEBUG: SizeOf(serialBuffer)=5120 Length(str)=123 Contents:/*LD2410 Sensor 01,0,0,4,110,0,0,50,7,0,0,50,9,0,0,40,2,40,4,30,6,40,3,20,5,30,3,15,4,30,3,15,6,20,4,15,3,20,2,15,2,20,3*/
DEBUG: SizeOf(serialBuffer)=5120 Length(str)=123 Contents:/*LD2410 Sensor 01,0,0,5,110,0,0,50,4,0,0,50,8,0,0,40,4,40,5,30,5,40,5,20,4,30,4,15,4,30,4,15,5,20,4,15,5,20,3,15,3,20,3*/
DEBUG: SizeOf(serialBuffer)=5120 Length(str)=123 Contents:/*LD2410 Sensor 01,0,0,9,110,0,0,50,9,0,0,50,8,0,0,40,4,40,9,30,5,40,5,20,6,30,5,15,4,30,5,15,6,20,4,15,3,20,4,15,1,20,3*/
DEBUG: SizeOf(serialBuffer)=5120 Length(str)=126 Contents:/*LD2410 Sensor 01,0,0,14,110,0,0,50,3,0,0,50,6,0,0,40,1,40,14,30,3,40,10,20,5,30,8,15,4,30,6,15,6,20,4,15,5,20,5,15,2,20,3*/
DEBUG: SizeOf(serialBuffer)=5120 Length(str)=128 Contents:/*LD2410 Sensor 01,0,0,18,110,0,0,50,10,0,0,50,8,0,0,40,4,40,18,30,2,40,12,20,5,30,9,15,6,30,11,15,7,20,7,15,5,20,7,15,1,20,3*/
DEBUG: SizeOf(serialBuffer)=5120 Length(str)=129 Contents:/*LD2410 Sensor 01,0,0,25,110,0,0,50,6,0,0,50,13,0,0,40,5,40,25,30,8,40,21,20,3,30,11,15,7,30,13,15,6,20,9,15,4,20,8,15,2,20,3*/
DEBUG: SizeOf(serialBuffer)=5120 Length(str)=129 Contents:/*LD2410 Sensor 01,0,0,23,110,0,0,50,18,0,0,50,12,0,0,40,4,40,23,30,6,40,17,20,2,30,8,15,6,30,12,15,7,20,9,15,7,20,8,15,2,20,3*/
DEBUG: SizeOf(serialBuffer)=5120 Length(str)=127 Contents:/*LD2410 Sensor 01,0,0,23,110,0,0,50,5,0,0,50,10,0,0,40,3,40,23,30,4,40,14,20,3,30,6,15,5,30,6,15,7,20,5,15,7,20,5,15,2,20,3*/
DEBUG: SizeOf(serialBuffer)=5120 Length(str)=125 Contents:/*LD2410 Sensor 01,0,0,15,110,0,0,50,4,0,0,50,7,0,0,40,2,40,15,30,5,40,6,20,2,30,4,15,5,30,3,15,6,20,3,15,7,20,3,15,1,20,3*/
DEBUG: SizeOf(serialBuffer)=5120 Length(str)=125 Contents:/*LD2410 Sensor 01,0,0,11,110,0,0,50,6,0,0,50,7,0,0,40,4,40,11,30,4,40,4,20,2,30,3,15,5,30,2,15,6,20,3,15,7,20,3,15,2,20,3*/
DEBUG: SizeOf(serialBuffer)=5120 Length(str)=123 Contents:/*LD2410 Sensor 01,0,0,9,110,0,0,50,5,0,0,50,7,0,0,40,6,40,9,30,6,40,4,20,4,30,4,15,5,30,2,15,6,20,3,15,6,20,3,15,1,20,2*/
DEBUG: SizeOf(serialBuffer)=5120 Length(str)=124 Contents:/*LD2410 Sensor 01,0,0,8,110,0,0,50,2,0,0,50,11,0,0,40,5,40,8,30,4,40,4,20,3,30,5,15,5,30,3,15,6,20,3,15,6,20,3,15,2,20,2*/
DEBUG: SizeOf(serialBuffer)=5120 Length(str)=123 Contents:/*LD2410 Sensor 01,0,0,7,110,0,0,50,2,0,0,50,8,0,0,40,4,40,7,30,4,40,4,20,4,30,5,15,5,30,3,15,6,20,3,15,7,20,3,15,1,20,1*/
DEBUG: SizeOf(serialBuffer)=5120 Length(str)=124 Contents:/*LD2410 Sensor 01,0,0,4,110,0,0,50,4,0,0,50,10,0,0,40,5,40,4,30,4,40,3,20,4,30,2,15,5,30,2,15,7,20,3,15,8,20,2,15,2,20,2*/
DEBUG: SizeOf(serialBuffer)=5120 Length(str)=123 Contents:/*LD2410 Sensor 01,0,0,4,110,0,0,50,4,0,0,50,9,0,0,40,5,40,4,30,5,40,4,20,3,30,4,15,5,30,2,15,7,20,3,15,8,20,2,15,2,20,2*/
DEBUG: SizeOf(serialBuffer)=5120 Length(str)=123 Contents:/*LD2410 Sensor 01,0,0,5,110,0,0,50,5,0,0,50,7,0,0,40,6,40,4,30,4,40,5,20,3,30,4,15,4,30,2,15,8,20,2,15,8,20,2,15,1,20,3*/
DEBUG: SizeOf(serialBuffer)=5120 Length(str)=124 Contents:/*LD2410 Sensor 01,0,0,4,110,0,0,50,7,0,0,50,11,0,0,40,6,40,3,30,3,40,4,20,4,30,4,15,5,30,3,15,7,20,3,15,7,20,2,15,1,20,3*/
DEBUG: SizeOf(serialBuffer)=5120 Length(str)=123 Contents:/*LD2410 Sensor 01,0,0,4,110,0,0,50,5,0,0,50,9,0,0,40,6,40,3,30,3,40,4,20,4,30,3,15,5,30,2,15,6,20,3,15,7,20,2,15,1,20,2*/
DEBUG: SizeOf(serialBuffer)=5120 Length(str)=123 Contents:/*LD2410 Sensor 01,0,0,4,110,0,0,50,5,0,0,50,9,0,0,40,3,40,3,30,4,40,3,20,2,30,3,15,5,30,3,15,7,20,4,15,4,20,2,15,1,20,2*/
DEBUG: SizeOf(serialBuffer)=5120 Length(str)=123 Contents:/*LD2410 Sensor 01,0,0,4,110,0,0,50,3,0,0,50,5,0,0,40,3,40,3,30,3,40,4,20,3,30,3,15,5,30,2,15,7,20,3,15,4,20,3,15,1,20,2*/
DEBUG: SizeOf(serialBuffer)=5120 Length(str)=123 Contents:/*LD2410 Sensor 01,0,0,4,110,0,0,50,3,0,0,50,8,0,0,40,4,40,3,30,3,40,4,20,3,30,3,15,6,30,3,15,6,20,3,15,6,20,3,15,1,20,2*/
DEBUG: SizeOf(serialBuffer)=5120 Length(str)=124 Contents:/*LD2410 Sensor 01,0,0,4,110,0,0,50,4,0,0,50,11,0,0,40,3,40,3,30,3,40,4,20,3,30,2,15,6,30,3,15,7,20,2,15,8,20,3,15,1,20,2*/
DEBUG: SizeOf(serialBuffer)=5120 Length(str)=123 Contents:/*LD2410 Sensor 01,0,0,4,110,0,0,50,7,0,0,50,9,0,0,40,4,40,4,30,3,40,4,20,3,30,3,15,5,30,3,15,6,20,3,15,7,20,3,15,2,20,2*/
DEBUG: SizeOf(serialBuffer)=5120 Length(str)=123 Contents:/*LD2410 Sensor 01,0,0,5,110,0,0,50,3,0,0,50,5,0,0,40,2,40,5,30,3,40,4,20,2,30,3,15,6,30,2,15,6,20,3,15,8,20,3,15,2,20,2*/
DEBUG: SizeOf(serialBuffer)=5120 Length(str)=123 Contents:/*LD2410 Sensor 01,0,0,5,110,0,0,50,7,0,0,50,8,0,0,40,2,40,5,30,2,40,4,20,3,30,3,15,5,30,2,15,6,20,3,15,7,20,3,15,1,20,2*/
DEBUG: SizeOf(serialBuffer)=5120 Length(str)=123 Contents:/*LD2410 Sensor 01,0,0,4,110,0,0,50,5,0,0,50,9,0,0,40,2,40,4,30,3,40,4,20,3,30,3,15,6,30,3,15,6,20,3,15,7,20,3,15,2,20,2*/
DEBUG: SizeOf(serialBuffer)=5120 Length(str)=125 Contents:/*LD2410 Sensor 01,0,0,4,110,0,0,50,11,0,0,50,11,0,0,40,1,40,4,30,3,40,3,20,3,30,3,15,5,30,3,15,6,20,3,15,5,20,3,15,2,20,2*/
DEBUG: SizeOf(serialBuffer)=5120 Length(str)=123 Contents:/*LD2410 Sensor 01,0,0,5,110,0,0,50,5,0,0,50,8,0,0,40,3,40,5,30,4,40,4,20,4,30,3,15,6,30,3,15,7,20,3,15,8,20,3,15,2,20,2*/
DEBUG: SizeOf(serialBuffer)=5120 Length(str)=124 Contents:/*LD2410 Sensor 01,0,0,8,110,0,0,50,4,0,0,50,11,0,0,40,3,40,8,30,5,40,7,20,2,30,4,15,6,30,4,15,7,20,4,15,8,20,3,15,2,20,2*/
DEBUG: SizeOf(serialBuffer)=5120 Length(str)=125 Contents:/*LD2410 Sensor 01,0,0,10,110,0,0,50,8,0,0,50,6,0,0,40,4,40,10,30,5,40,9,20,2,30,6,15,5,30,4,15,6,20,6,15,8,20,3,15,2,20,3*/
DEBUG: SizeOf(serialBuffer)=5120 Length(str)=125 Contents:/*LD2410 Sensor 01,0,0,10,110,0,0,50,4,0,0,50,9,0,0,40,4,40,10,30,4,40,7,20,2,30,5,15,4,30,4,15,7,20,6,15,6,20,3,15,1,20,3*/
DEBUG: SizeOf(serialBuffer)=5120 Length(str)=123 Contents:/*LD2410 Sensor 01,0,0,8,110,0,0,50,8,0,0,50,6,0,0,40,5,40,8,30,5,40,5,20,2,30,5,15,5,30,2,15,7,20,4,15,6,20,2,15,3,20,2*/
DEBUG: SizeOf(serialBuffer)=5120 Length(str)=123 Contents:/*LD2410 Sensor 01,0,0,7,110,0,0,50,3,0,0,50,7,0,0,40,3,40,7,30,5,40,4,20,2,30,4,15,5,30,2,15,6,20,3,15,7,20,3,15,2,20,2*/
DEBUG: SizeOf(serialBuffer)=5120 Length(str)=123 Contents:/*LD2410 Sensor 01,0,0,7,110,0,0,50,5,0,0,50,5,0,0,40,4,40,7,30,4,40,4,20,4,30,4,15,5,30,3,15,7,20,2,15,7,20,3,15,2,20,2*/
DEBUG: SizeOf(serialBuffer)=5120 Length(str)=123 Contents:/*LD2410 Sensor 01,0,0,7,110,0,0,50,3,0,0,50,8,0,0,40,3,40,7,30,3,40,4,20,3,30,4,15,4,30,2,15,7,20,2,15,7,20,3,15,2,20,2*/
DEBUG: SizeOf(serialBuffer)=5120 Length(str)=123 Contents:/*LD2410 Sensor 01,0,0,5,110,0,0,50,4,0,0,50,8,0,0,40,3,40,5,30,4,40,3,20,2,30,3,15,4,30,2,15,7,20,3,15,7,20,3,15,2,20,2*/
DEBUG: SizeOf(serialBuffer)=5120 Length(str)=123 Contents:/*LD2410 Sensor 01,0,0,5,110,0,0,50,6,0,0,50,7,0,0,40,3,40,5,30,6,40,4,20,3,30,4,15,4,30,3,15,6,20,3,15,7,20,3,15,2,20,2*/
DEBUG: SizeOf(serialBuffer)=5120 Length(str)=123 Contents:/*LD2410 Sensor 01,0,0,7,110,0,0,50,6,0,0,50,8,0,0,40,3,40,7,30,3,40,4,20,3,30,5,15,6,30,3,15,7,20,4,15,8,20,2,15,3,20,2*/
DEBUG: SizeOf(serialBuffer)=5120 Length(str)=123 Contents:/*LD2410 Sensor 01,0,0,7,110,0,0,50,2,0,0,50,4,0,0,40,3,40,7,30,5,40,5,20,2,30,5,15,5,30,4,15,7,20,3,15,7,20,2,15,2,20,2*/
DEBUG: SizeOf(serialBuffer)=5120 Length(str)=124 Contents:/*LD2410 Sensor 01,0,0,6,110,0,0,50,8,0,0,50,11,0,0,40,1,40,6,30,4,40,4,20,2,30,3,15,6,30,4,15,6,20,2,15,8,20,2,15,1,20,2*/
DEBUG: SizeOf(serialBuffer)=5120 Length(str)=124 Contents:/*LD2410 Sensor 01,0,0,5,110,0,0,50,2,0,0,50,11,0,0,40,2,40,5,30,5,40,4,20,2,30,3,15,6,30,3,15,7,20,2,15,7,20,2,15,2,20,2*/
DEBUG: SizeOf(serialBuffer)=5120 Length(str)=123 Contents:/*LD2410 Sensor 01,0,0,6,110,0,0,50,2,0,0,50,9,0,0,40,2,40,6,30,4,40,4,20,2,30,3,15,4,30,3,15,6,20,3,15,6,20,3,15,2,20,2*/
DEBUG: SizeOf(serialBuffer)=5120 Length(str)=123 Contents:/*LD2410 Sensor 01,0,0,6,110,0,0,50,6,0,0,50,9,0,0,40,3,40,6,30,3,40,4,20,3,30,3,15,4,30,3,15,6,20,4,15,7,20,4,15,2,20,2*/
DEBUG: SizeOf(serialBuffer)=5120 Length(str)=123 Contents:/*LD2410 Sensor 01,0,0,8,110,0,0,50,3,0,0,50,8,0,0,40,5,40,8,30,6,40,5,20,2,30,4,15,5,30,4,15,6,20,4,15,5,20,5,15,2,20,3*/
DEBUG: SizeOf(serialBuffer)=5120 Length(str)=123 Contents:/*LD2410 Sensor 01,0,0,9,110,0,0,50,3,0,0,50,8,0,0,40,2,40,9,30,4,40,7,20,2,30,7,15,4,30,4,15,7,20,5,15,4,20,4,15,2,20,3*/
DEBUG: SizeOf(serialBuffer)=5120 Length(str)=125 Contents:/*LD2410 Sensor 01,0,0,11,110,0,0,50,5,0,0,50,9,0,0,40,2,40,11,30,6,40,8,20,2,30,7,15,4,30,3,15,6,20,5,15,7,20,3,15,2,20,2*/
DEBUG: SizeOf(serialBuffer)=5120 Length(str)=125 Contents:/*LD2410 Sensor 01,0,0,9,110,0,0,50,11,0,0,50,11,0,0,40,3,40,9,30,5,40,5,20,2,30,6,15,4,30,2,15,7,20,4,15,7,20,3,15,2,20,2*/
DEBUG: SizeOf(serialBuffer)=5120 Length(str)=124 Contents:/*LD2410 Sensor 01,0,0,8,110,0,0,50,5,0,0,50,13,0,0,40,1,40,8,30,5,40,4,20,1,30,4,15,4,30,2,15,6,20,2,15,8,20,2,15,2,20,2*/
DEBUG: SizeOf(serialBuffer)=5120 Length(str)=123 Contents:/*LD2410 Sensor 01,0,0,5,110,0,0,50,3,0,0,50,8,0,0,40,2,40,5,30,6,40,3,20,2,30,3,15,3,30,2,15,6,20,3,15,5,20,2,15,2,20,2*/
DEBUG: SizeOf(serialBuffer)=5120 Length(str)=124 Contents:/*LD2410 Sensor 01,0,0,5,110,0,0,50,3,0,0,50,10,0,0,40,1,40,5,30,5,40,2,20,2,30,3,15,4,30,2,15,7,20,3,15,6,20,2,15,3,20,2*/
DEBUG: SizeOf(serialBuffer)=5120 Length(str)=123 Contents:/*LD2410 Sensor 01,0,0,8,110,0,0,50,5,0,0,50,9,0,0,40,1,40,8,30,6,40,5,20,1,30,4,15,6,30,3,15,6,20,4,15,4,20,2,15,3,20,2*/
DEBUG: SizeOf(serialBuffer)=5120 Length(str)=126 Contents:/*LD2410 Sensor 01,0,0,10,110,0,0,50,6,0,0,50,10,0,0,40,3,40,10,30,3,40,9,20,4,30,6,15,5,30,4,15,6,20,4,15,7,20,4,15,3,20,2*/
DEBUG: SizeOf(serialBuffer)=5120 Length(str)=126 Contents:/*LD2410 Sensor 01,0,0,11,110,0,0,50,5,0,0,50,9,0,0,40,4,40,10,30,4,40,11,20,3,30,8,15,5,30,5,15,7,20,4,15,7,20,5,15,3,20,1*/
DEBUG: SizeOf(serialBuffer)=5120 Length(str)=123 Contents:/*LD2410 Sensor 01,0,0,8,110,0,0,50,7,0,0,50,9,0,0,40,4,40,7,30,3,40,8,20,3,30,6,15,6,30,4,15,7,20,3,15,6,20,4,15,3,20,1*/
DEBUG: SizeOf(serialBuffer)=5120 Length(str)=123 Contents:/*LD2410 Sensor 01,0,0,6,110,0,0,50,1,0,0,50,7,0,0,40,3,40,6,30,6,40,6,20,3,30,5,15,6,30,5,15,7,20,3,15,6,20,3,15,4,20,2*/
DEBUG: SizeOf(serialBuffer)=5120 Length(str)=124 Contents:/*LD2410 Sensor 01,0,0,7,110,0,0,50,7,0,0,50,10,0,0,40,8,40,7,30,5,40,5,20,3,30,3,15,6,30,5,15,8,20,3,15,6,20,2,15,3,20,2*/
DEBUG: SizeOf(serialBuffer)=5120 Length(str)=125 Contents:/*LD2410 Sensor 01,0,0,10,110,0,0,50,4,0,0,50,8,0,0,40,8,40,10,30,5,40,5,20,2,30,3,15,4,30,5,15,7,20,4,15,7,20,2,15,2,20,2*/
DEBUG: SizeOf(serialBuffer)=5120 Length(str)=125 Contents:/*LD2410 Sensor 01,0,0,12,110,0,0,50,4,0,0,50,7,0,0,40,6,40,12,30,5,40,3,20,2,30,3,15,6,30,4,15,7,20,4,15,7,20,2,15,2,20,3*/
DEBUG: SizeOf(serialBuffer)=5120 Length(str)=125 Contents:/*LD2410 Sensor 01,0,0,12,110,0,0,50,3,0,0,50,8,0,0,40,6,40,12,30,4,40,4,20,3,30,3,15,6,30,4,15,6,20,4,15,7,20,3,15,1,20,3*/
DEBUG: SizeOf(serialBuffer)=5120 Length(str)=123 Contents:/*LD2410 Sensor 01,0,0,9,110,0,0,50,3,0,0,50,9,0,0,40,6,40,9,30,5,40,4,20,2,30,4,15,6,30,4,15,6,20,3,15,7,20,4,15,3,20,2*/
DEBUG: SizeOf(serialBuffer)=5120 Length(str)=125 Contents:/*LD2410 Sensor 01,0,0,5,110,0,0,50,10,0,0,50,10,0,0,40,4,40,5,30,4,40,4,20,1,30,3,15,5,30,3,15,7,20,3,15,7,20,4,15,2,20,2*/
DEBUG: SizeOf(serialBuffer)=5120 Length(str)=124 Contents:/*LD2410 Sensor 01,0,0,5,110,0,0,50,2,0,0,50,11,0,0,40,6,40,5,30,6,40,4,20,2,30,4,15,6,30,3,15,7,20,3,15,7,20,4,15,3,20,2*/
DEBUG: SizeOf(serialBuffer)=5120 Length(str)=123 Contents:/*LD2410 Sensor 01,0,0,6,110,0,0,50,5,0,0,50,5,0,0,40,5,40,6,30,3,40,5,20,3,30,5,15,6,30,4,15,5,20,4,15,7,20,3,15,2,20,2*/
DEBUG: SizeOf(serialBuffer)=5120 Length(str)=124 Contents:/*LD2410 Sensor 01,0,0,7,110,0,0,50,9,0,0,50,10,0,0,40,5,40,7,30,4,40,6,20,4,30,5,15,6,30,4,15,7,20,4,15,7,20,2,15,2,20,3*/
DEBUG: SizeOf(serialBuffer)=5120 Length(str)=124 Contents:/*LD2410 Sensor 01,0,0,6,110,0,0,50,8,0,0,50,12,0,0,40,3,40,5,30,4,40,6,20,5,30,5,15,7,30,4,15,7,20,4,15,7,20,2,15,3,20,3*/
DEBUG: SizeOf(serialBuffer)=5120 Length(str)=124 Contents:/*LD2410 Sensor 01,0,0,7,110,0,0,50,5,0,0,50,13,0,0,40,6,40,7,30,6,40,6,20,3,30,4,15,6,30,4,15,6,20,4,15,6,20,2,15,3,20,2*/
DEBUG: SizeOf(serialBuffer)=5120 Length(str)=123 Contents:/*LD2410 Sensor 01,0,0,7,110,0,0,50,3,0,0,50,9,0,0,40,5,40,7,30,6,40,6,20,4,30,4,15,6,30,4,15,6,20,4,15,7,20,2,15,3,20,2*/
DEBUG: SizeOf(serialBuffer)=5120 Length(str)=124 Contents:/*LD2410 Sensor 01,0,0,6,110,0,0,50,8,0,0,50,10,0,0,40,6,40,6,30,5,40,5,20,3,30,4,15,7,30,3,15,7,20,3,15,7,20,2,15,2,20,2*/
DEBUG: SizeOf(serialBuffer)=5120 Length(str)=125 Contents:/*LD2410 Sensor 01,0,0,5,110,0,0,50,13,0,0,50,10,0,0,40,5,40,5,30,5,40,5,20,4,30,3,15,7,30,3,15,6,20,3,15,6,20,2,15,3,20,2*/
DEBUG: SizeOf(serialBuffer)=5120 Length(str)=124 Contents:/*LD2410 Sensor 01,0,0,5,110,0,0,50,11,0,0,50,9,0,0,40,6,40,5,30,5,40,4,20,3,30,3,15,7,30,3,15,5,20,3,15,7,20,2,15,3,20,2*/
DEBUG: SizeOf(serialBuffer)=5120 Length(str)=123 Contents:/*LD2410 Sensor 01,0,0,4,110,0,0,50,5,0,0,50,7,0,0,40,6,40,4,30,5,40,3,20,4,30,3,15,6,30,3,15,8,20,3,15,6,20,3,15,3,20,1*/
DEBUG: SizeOf(serialBuffer)=5120 Length(str)=123 Contents:/*LD2410 Sensor 01,0,0,4,110,0,0,50,4,0,0,50,8,0,0,40,7,40,4,30,5,40,3,20,4,30,3,15,7,30,3,15,7,20,3,15,7,20,3,15,3,20,2*/
DEBUG: SizeOf(serialBuffer)=5120 Length(str)=123 Contents:/*LD2410 Sensor 01,0,0,8,110,0,0,50,8,0,0,50,7,0,0,40,2,40,8,30,3,40,5,20,3,30,5,15,5,30,3,15,7,20,4,15,7,20,3,15,2,20,2*/
DEBUG: SizeOf(serialBuffer)=5120 Length(str)=126 Contents:/*LD2410 Sensor 01,0,0,11,110,0,0,50,8,0,0,50,10,0,0,40,5,40,11,30,3,40,8,20,3,30,9,15,5,30,4,15,8,20,5,15,6,20,3,15,2,20,3*/
DEBUG: SizeOf(serialBuffer)=5120 Length(str)=126 Contents:/*LD2410 Sensor 01,0,0,14,110,0,0,50,10,0,0,50,8,0,0,40,3,40,14,30,4,40,9,20,3,30,9,15,5,30,5,15,7,20,7,15,5,20,3,15,2,20,3*/
DEBUG: SizeOf(serialBuffer)=5120 Length(str)=125 Contents:/*LD2410 Sensor 01,0,0,11,110,0,0,50,3,0,0,50,8,0,0,40,4,40,11,30,3,40,6,20,5,30,6,15,6,30,5,15,6,20,6,15,4,20,3,15,2,20,3*/
DEBUG: SizeOf(serialBuffer)=5120 Length(str)=126 Contents:/*LD2410 Sensor 01,0,0,10,110,0,0,50,3,0,0,50,12,0,0,40,5,40,10,30,4,40,4,20,4,30,3,15,5,30,5,15,7,20,5,15,5,20,2,15,2,20,2*/
DEBUG: SizeOf(serialBuffer)=5120 Length(str)=123 Contents:/*LD2410 Sensor 01,0,0,8,110,0,0,50,2,0,0,50,5,0,0,40,1,40,8,30,3,40,4,20,5,30,3,15,5,30,4,15,7,20,3,15,5,20,2,15,2,20,2*/
DEBUG: SizeOf(serialBuffer)=5120 Length(str)=125 Contents:/*LD2410 Sensor 01,0,0,10,110,0,0,50,2,0,0,50,9,0,0,40,2,40,10,30,3,40,5,20,3,30,4,15,5,30,4,15,6,20,3,15,4,20,3,15,2,20,2*/
DEBUG: SizeOf(serialBuffer)=5120 Length(str)=127 Contents:/*LD2410 Sensor 01,0,0,10,110,0,0,50,13,0,0,50,10,0,0,40,5,40,10,30,4,40,8,20,2,30,7,15,5,30,5,15,6,20,4,15,7,20,4,15,3,20,2*/
DEBUG: SizeOf(serialBuffer)=5120 Length(str)=123 Contents:/*LD2410 Sensor 01,0,0,8,110,0,0,50,4,0,0,50,9,0,0,40,4,40,8,30,3,40,7,20,3,30,7,15,4,30,5,15,6,20,4,15,7,20,4,15,3,20,2*/
DEBUG: SizeOf(serialBuffer)=5120 Length(str)=124 Contents:/*LD2410 Sensor 01,0,0,9,110,0,0,50,5,0,0,50,10,0,0,40,6,40,9,30,1,40,8,20,5,30,7,15,6,30,5,15,7,20,3,15,6,20,3,15,2,20,3*/
DEBUG: SizeOf(serialBuffer)=5120 Length(str)=125 Contents:/*LD2410 Sensor 01,0,0,10,110,0,0,50,4,0,0,50,9,0,0,40,7,40,10,30,3,40,6,20,4,30,6,15,7,30,4,15,7,20,3,15,6,20,3,15,3,20,3*/
DEBUG: SizeOf(serialBuffer)=5120 Length(str)=123 Contents:/*LD2410 Sensor 01,0,0,9,110,0,0,50,1,0,0,50,7,0,0,40,4,40,9,30,3,40,5,20,4,30,5,15,5,30,4,15,7,20,3,15,7,20,3,15,2,20,2*/
DEBUG: SizeOf(serialBuffer)=5120 Length(str)=125 Contents:/*LD2410 Sensor 01,0,0,11,110,0,0,50,3,0,0,50,9,0,0,40,4,40,11,30,1,40,4,20,4,30,3,15,6,30,3,15,6,20,3,15,7,20,3,15,2,20,2*/
DEBUG: SizeOf(serialBuffer)=5120 Length(str)=125 Contents:/*LD2410 Sensor 01,0,0,15,110,0,0,50,2,0,0,50,9,0,0,40,6,40,15,30,4,40,6,20,3,30,3,15,6,30,3,15,6,20,4,15,5,20,3,15,2,20,3*/
DEBUG: SizeOf(serialBuffer)=5120 Length(str)=125 Contents:/*LD2410 Sensor 01,0,0,16,110,0,0,50,5,0,0,50,7,0,0,40,3,40,16,30,3,40,7,20,4,30,4,15,5,30,3,15,7,20,4,15,6,20,4,15,3,20,3*/
